<?xml version="1.0" encoding="UTF-8"?>
<testng-results ignored="0" total="2" passed="2" failed="0" skipped="0">
  <reporter-output>
  </reporter-output>
  <suite started-at="2022-07-05T15:24:43 IST" name="Surefire suite" finished-at="2022-07-05T15:24:54 IST" duration-ms="11072">
    <groups>
    </groups>
    <test started-at="2022-07-05T15:24:43 IST" name="Surefire test" finished-at="2022-07-05T15:24:54 IST" duration-ms="11072">
      <class name="org.selenium.test.OpencartTest">
        <test-method signature="openCartApp(java.lang.String)[pri:0, instance:org.selenium.test.OpencartTest@291b4bf5]" started-at="2022-07-05T15:24:51 IST" name="openCartApp" finished-at="2022-07-05T15:24:54 IST" duration-ms="2894" status="PASS">
          <params>
            <param index="0">
              <value>
                <![CDATA[chrome]]>
              </value>
            </param>
          </params>
          <reporter-output>
          </reporter-output>
        </test-method> <!-- openCartApp -->
      </class> <!-- org.selenium.test.OpencartTest -->
      <class name="org.salenide.test.GoogleTest">
        <test-method signature="googleSearch(java.lang.String)[pri:0, instance:org.salenide.test.GoogleTest@e4487af]" started-at="2022-07-05T15:24:43 IST" name="googleSearch" finished-at="2022-07-05T15:24:51 IST" duration-ms="8116" status="PASS">
          <params>
            <param index="0">
              <value>
                <![CDATA[chrome]]>
              </value>
            </param>
          </params>
          <reporter-output>
          </reporter-output>
        </test-method> <!-- googleSearch -->
      </class> <!-- org.salenide.test.GoogleTest -->
    </test> <!-- Surefire test -->
  </suite> <!-- Surefire suite -->
</testng-results>
