<?xml version="1.0" encoding="UTF-8"?>
<testng-results ignored="0" total="2" passed="2" failed="0" skipped="0">
  <reporter-output>
  </reporter-output>
  <suite started-at="2022-07-05T16:03:28 IST" name="Surefire suite" finished-at="2022-07-05T16:03:44 IST" duration-ms="15820">
    <groups>
    </groups>
    <test started-at="2022-07-05T16:03:28 IST" name="Surefire test" finished-at="2022-07-05T16:03:44 IST" duration-ms="15820">
      <class name="org.selenium.test.OpencartTest">
        <test-method signature="openCartApp(java.lang.String)[pri:0, instance:org.selenium.test.OpencartTest@762ef0ea]" started-at="2022-07-05T16:03:39 IST" name="openCartApp" finished-at="2022-07-05T16:03:44 IST" duration-ms="4932" status="PASS">
          <params>
            <param index="0">
              <value>
                <![CDATA[Edge]]>
              </value>
            </param>
          </params>
          <reporter-output>
          </reporter-output>
        </test-method> <!-- openCartApp -->
      </class> <!-- org.selenium.test.OpencartTest -->
      <class name="org.salenide.test.GoogleTest">
        <test-method signature="googleSearch(java.lang.String)[pri:0, instance:org.salenide.test.GoogleTest@c86b9e3]" started-at="2022-07-05T16:03:28 IST" name="googleSearch" finished-at="2022-07-05T16:03:39 IST" duration-ms="10811" status="PASS">
          <params>
            <param index="0">
              <value>
                <![CDATA[Edge]]>
              </value>
            </param>
          </params>
          <reporter-output>
          </reporter-output>
        </test-method> <!-- googleSearch -->
      </class> <!-- org.salenide.test.GoogleTest -->
    </test> <!-- Surefire test -->
  </suite> <!-- Surefire suite -->
</testng-results>
