<?xml version="1.0" encoding="UTF-8"?>
<testsuite xmlns:xsi="http://www.w3.org/2001/XMLSchema-instance" xsi:noNamespaceSchemaLocation="https://maven.apache.org/surefire/maven-surefire-plugin/xsd/surefire-test-report.xsd" name="TestSuite" time="12.014" tests="2" errors="0" skipped="0" failures="0">
  <properties>
[...]
</properties>
  <testcase name="googleSearch" classname="org.salenide.test.GoogleTest" time="8.116"/>
  <testcase name="openCartApp" classname="org.selenium.test.OpencartTest" time="2.894"/>
</testsuite>