<?xml version="1.0" encoding="UTF-8"?>
<testng-results ignored="0" total="1" passed="1" failed="0" skipped="0">
  <reporter-output>
  </reporter-output>
  <suite started-at="2022-07-05T13:27:49 IST" name="Default suite" finished-at="2022-07-05T13:27:56 IST" duration-ms="6413">
    <groups>
    </groups>
    <test started-at="2022-07-05T13:27:49 IST" name="Default test" finished-at="2022-07-05T13:27:56 IST" duration-ms="6413">
      <class name="org.salenide.test.GoogleTest">
        <test-method signature="googleSearch()[pri:0, instance:org.salenide.test.GoogleTest@22ef9844]" started-at="2022-07-05T13:27:49 IST" name="googleSearch" finished-at="2022-07-05T13:27:56 IST" duration-ms="6329" status="PASS">
          <reporter-output>
          </reporter-output>
        </test-method> <!-- googleSearch -->
      </class> <!-- org.salenide.test.GoogleTest -->
    </test> <!-- Default test -->
  </suite> <!-- Default suite -->
</testng-results>
